<?xml version="1.0" encoding="UTF-8"?>
<!-- Generated by org.testng.reporters.JUnitReportReporter -->
<testsuite hostname="DESKTOP-O0HVDCO" name="com.hdfcapp.runners.TestRunner" tests="1" failures="0" timestamp="12 Jun 2019 10:25:55 GMT" time="21.465" errors="0">
  <testcase name="feature" time="21.465" classname="com.hdfcapp.runners.TestRunner"/>
</testsuite> <!-- com.hdfcapp.runners.TestRunner -->
