<?xml version="1.0" encoding="UTF-8"?>
<!-- Generated by org.testng.reporters.JUnitReportReporter -->
<testsuite hostname="DESKTOP-O0HVDCO" name="com.hdfcapp.runners.TestRunner" tests="1" failures="0" timestamp="18 Jun 2019 12:18:45 GMT" time="8.283" errors="0">
  <testcase name="feature" time="8.283" classname="com.hdfcapp.runners.TestRunner"/>
</testsuite> <!-- com.hdfcapp.runners.TestRunner -->
