<?xml version="1.0" encoding="UTF-8"?>
<!-- Generated by org.testng.reporters.JUnitReportReporter -->
<testsuite hostname="DESKTOP-O0HVDCO" name="com.hdfcapp.runners.TestRunner" tests="1" failures="0" timestamp="14 Jun 2019 10:52:04 GMT" time="26.104" errors="0">
  <testcase name="feature" time="26.104" classname="com.hdfcapp.runners.TestRunner"/>
</testsuite> <!-- com.hdfcapp.runners.TestRunner -->
